<?xml version="1.0" encoding="UTF-8"?>
<!-- Generated by org.testng.reporters.JUnitXMLReporter -->
<testsuite hostname="Ravi" ignored="0" name="Default test" tests="3" failures="0" timestamp="17 Apr 2020 04:13:21 GMT" time="29.569" errors="0">
  <testcase name="T001_loginPageTest" time="11.478" classname="com.htc.orange.testcases.PIMSearchReportTest"/>
  <testcase name="T002_DashBoardTest" time="3.504" classname="com.htc.orange.testcases.PIMSearchReportTest"/>
  <testcase name="T003_searchReportTest" time="3.241" classname="com.htc.orange.testcases.PIMSearchReportTest"/>
</testsuite> <!-- Default test -->
