<?xml version="1.0" encoding="UTF-8"?>
<!-- Generated by org.testng.reporters.JUnitXMLReporter -->
<testsuite hostname="Ravi" ignored="0" name="AdminTest" tests="3" failures="0" timestamp="20 Apr 2020 03:51:55 GMT" time="42.12" errors="0">
  <testcase name="T001_loginPageTest" time="19.05" classname="com.htc.orange.testcases.PIMSearchEmpTest"/>
  <testcase name="T002_DashBoardTest" time="4.56" classname="com.htc.orange.testcases.PIMSearchEmpTest"/>
  <testcase name="T003_searchEmpTest" time="2.08" classname="com.htc.orange.testcases.PIMSearchEmpTest"/>
</testsuite> <!-- AdminTest -->
