<?xml version="1.0" encoding="UTF-8"?>
<!-- Generated by org.testng.reporters.JUnitXMLReporter -->
<testsuite hostname="Ravi" ignored="0" name="Leavelist" tests="3" failures="0" timestamp="20 Apr 2020 03:52:12 GMT" time="16.168" errors="0">
  <testcase name="T001_loginPageTest" time="5.596" classname="com.htc.orange.testcases.LeaveConfigTest"/>
  <testcase name="T002_DashBoardTest" time="6.565" classname="com.htc.orange.testcases.LeaveConfigTest"/>
  <testcase name="T003_addLeaveTypesTest" time="3.668" classname="com.htc.orange.testcases.LeaveConfigTest"/>
</testsuite> <!-- Leavelist -->
